 Format version: 1.0
  -1.0000000000000000       -1.0000000000000000       -1.0000000000000000     
         -6.7    872.142   -0.100000E+01   0.900441E+06  -0.100000E+01  -0.100000E+01  -0.100000E+01  -0.100000E+01
         -6.6     -1.000   -0.100000E+01   0.877269E+06  -0.100000E+01  -0.100000E+01  -0.100000E+01  -0.100000E+01
         -6.6     -1.000   -0.100000E+01   0.874260E+06  -0.100000E+01  -0.100000E+01  -0.100000E+01  -0.100000E+01
         -6.6     -1.000   -0.100000E+01   0.871939E+06  -0.100000E+01  -0.100000E+01  -0.100000E+01  -0.100000E+01
         -6.5     -1.000   -0.100000E+01   0.870752E+06  -0.100000E+01  -0.100000E+01  -0.100000E+01  -0.100000E+01
         -6.5     -1.000   -0.100000E+01   0.866851E+06  -0.100000E+01  -0.100000E+01  -0.100000E+01  -0.100000E+01
         -6.5     -1.000   -0.100000E+01   0.859820E+06  -0.100000E+01  -0.100000E+01  -0.100000E+01  -0.100000E+01
         -6.4     -1.000   -0.100000E+01   0.852202E+06  -0.100000E+01  -0.100000E+01  -0.100000E+01  -0.100000E+01
         -6.4     -1.000   -0.100000E+01   0.841179E+06  -0.100000E+01  -0.100000E+01  -0.100000E+01  -0.100000E+01
         -6.3     -1.000   -0.100000E+01   0.814742E+06  -0.100000E+01  -0.100000E+01  -0.100000E+01  -0.100000E+01
         -6.1     -1.000   -0.100000E+01   0.777108E+06  -0.100000E+01  -0.100000E+01  -0.100000E+01  -0.100000E+01
         -6.0     -1.000   -0.100000E+01   0.738635E+06  -0.100000E+01  -0.100000E+01  -0.100000E+01  -0.100000E+01
         -5.9     -1.000   -0.100000E+01   0.694298E+06  -0.100000E+01  -0.100000E+01  -0.100000E+01  -0.100000E+01
         -5.8     -1.000   -0.100000E+01   0.642640E+06  -0.100000E+01  -0.100000E+01  -0.100000E+01  -0.100000E+01
         -5.7     -1.000   -0.100000E+01   0.585885E+06  -0.100000E+01  -0.100000E+01  -0.100000E+01  -0.100000E+01
         -5.6     -1.000   -0.100000E+01   0.526597E+06  -0.100000E+01  -0.100000E+01  -0.100000E+01  -0.100000E+01
         -5.5     -1.000   -0.100000E+01   0.477350E+06  -0.100000E+01  -0.100000E+01  -0.100000E+01  -0.100000E+01
         -5.5     -1.000   -0.100000E+01   0.425854E+06  -0.100000E+01  -0.100000E+01  -0.100000E+01  -0.100000E+01
         -5.4     -1.000   -0.100000E+01   0.377524E+06  -0.100000E+01  -0.100000E+01  -0.100000E+01  -0.100000E+01
         -5.3     -1.000   -0.100000E+01   0.332668E+06  -0.100000E+01  -0.100000E+01  -0.100000E+01  -0.100000E+01
         -5.2     -1.000   -0.100000E+01   0.275719E+06  -0.100000E+01  -0.100000E+01  -0.100000E+01  -0.100000E+01
         -5.1     -1.000   -0.100000E+01   0.219108E+06  -0.100000E+01  -0.100000E+01  -0.100000E+01  -0.100000E+01
         -5.0     -1.000   -0.100000E+01   0.171575E+06  -0.100000E+01  -0.100000E+01  -0.100000E+01  -0.100000E+01
         -4.9     -1.000   -0.100000E+01   0.144669E+06  -0.100000E+01  -0.100000E+01  -0.100000E+01  -0.100000E+01
         -4.7     -1.000   -0.100000E+01   0.120235E+06  -0.100000E+01  -0.100000E+01  -0.100000E+01  -0.100000E+01
         -4.5     -1.000   -0.100000E+01   0.100426E+06  -0.100000E+01  -0.100000E+01  -0.100000E+01  -0.100000E+01
         -4.2    198.160   -0.100000E+01   0.846398E+05  -0.100000E+01  -0.100000E+01  -0.100000E+01  -0.100000E+01
         -3.9     -1.000   -0.100000E+01   0.707662E+05  -0.100000E+01  -0.100000E+01  -0.100000E+01  -0.100000E+01
         -3.5     -1.000   -0.100000E+01   0.594008E+05  -0.100000E+01  -0.100000E+01  -0.100000E+01  -0.100000E+01
         -3.2     -1.000   -0.100000E+01   0.556358E+05  -0.100000E+01  -0.100000E+01  -0.100000E+01  -0.100000E+01
         -2.9     -1.000   -0.100000E+01   0.528859E+05   0.342436E+02   0.496493E+05   0.105134E+04   0.824867E+03
         -2.7     -1.000   -0.100000E+01   0.525156E+05  -0.100000E+01  -0.100000E+01  -0.100000E+01  -0.100000E+01
         -2.4     -1.000   -0.100000E+01   0.521227E+05  -0.100000E+01  -0.100000E+01  -0.100000E+01  -0.100000E+01
         -2.1     -1.000   -0.100000E+01   0.551700E+05  -0.100000E+01  -0.100000E+01  -0.100000E+01  -0.100000E+01
         -1.8     20.297   -0.100000E+01   0.598335E+05  -0.100000E+01  -0.100000E+01  -0.100000E+01  -0.100000E+01
         -1.5     -1.000   -0.100000E+01   0.681142E+05  -0.100000E+01  -0.100000E+01  -0.100000E+01  -0.100000E+01
         -1.3     -1.000   -0.100000E+01   0.836254E+05  -0.100000E+01  -0.100000E+01  -0.100000E+01  -0.100000E+01
         -1.0     -1.000   -0.100000E+01   0.975335E+05  -0.100000E+01  -0.100000E+01  -0.100000E+01  -0.100000E+01
         -0.8     -1.000   -0.100000E+01   0.112963E+06  -0.100000E+01  -0.100000E+01  -0.100000E+01  -0.100000E+01
         -0.5     -1.000   -0.100000E+01   0.128976E+06  -0.100000E+01  -0.100000E+01  -0.100000E+01  -0.100000E+01
         -0.3     -1.000   -0.100000E+01   0.145062E+06  -0.100000E+01  -0.100000E+01  -0.100000E+01  -0.100000E+01
          0.0     -1.000   -0.100000E+01   0.160264E+06  -0.100000E+01  -0.100000E+01  -0.100000E+01  -0.100000E+01
          0.3     -1.000   -0.100000E+01   0.171163E+06  -0.100000E+01  -0.100000E+01  -0.100000E+01  -0.100000E+01
          0.6     -1.000   -0.100000E+01   0.176512E+06  -0.100000E+01  -0.100000E+01  -0.100000E+01  -0.100000E+01
          0.9     26.974   -0.100000E+01   0.179999E+06  -0.100000E+01  -0.100000E+01  -0.100000E+01  -0.100000E+01
